[2025-12-19 21:02:58] production.ERROR: Class "Str" not found {"exception":"[object] (Error(code: 0): Class \"Str\" not found at /var/www/config/database.php:101)
[stacktrace]
#0 /var/www/vendor/laravel/framework/src/Illuminate/Foundation/Bootstrap/LoadConfiguration.php(97): require()
#1 /var/www/vendor/laravel/framework/src/Illuminate/Foundation/Bootstrap/LoadConfiguration.php(97): Illuminate\\Foundation\\Bootstrap\\LoadConfiguration->Illuminate\\Foundation\\Bootstrap\\{closure}()
#2 /var/www/vendor/laravel/framework/src/Illuminate/Foundation/Bootstrap/LoadConfiguration.php(78): Illuminate\\Foundation\\Bootstrap\\LoadConfiguration->loadConfigurationFile(Object(Illuminate\\Config\\Repository), 'database', '/var/www/config...', Array)
#3 /var/www/vendor/laravel/framework/src/Illuminate/Foundation/Bootstrap/LoadConfiguration.php(39): Illuminate\\Foundation\\Bootstrap\\LoadConfiguration->loadConfigurationFiles(Object(Illuminate\\Foundation\\Application), Object(Illuminate\\Config\\Repository))
#4 /var/www/vendor/laravel/framework/src/Illuminate/Foundation/Application.php(342): Illuminate\\Foundation\\Bootstrap\\LoadConfiguration->bootstrap(Object(Illuminate\\Foundation\\Application))
#5 /var/www/vendor/laravel/framework/src/Illuminate/Foundation/Console/Kernel.php(474): Illuminate\\Foundation\\Application->bootstrapWith(Array)
#6 /var/www/vendor/laravel/framework/src/Illuminate/Foundation/Console/Kernel.php(196): Illuminate\\Foundation\\Console\\Kernel->bootstrap()
#7 /var/www/vendor/laravel/framework/src/Illuminate/Foundation/Application.php(1235): Illuminate\\Foundation\\Console\\Kernel->handle(Object(Symfony\\Component\\Console\\Input\\ArgvInput), Object(Symfony\\Component\\Console\\Output\\ConsoleOutput))
#8 /var/www/artisan(16): Illuminate\\Foundation\\Application->handleCommand(Object(Symfony\\Component\\Console\\Input\\ArgvInput))
#9 {main}
"} 
[2025-12-19 21:04:20] production.ERROR: Class "Str" not found {"exception":"[object] (Error(code: 0): Class \"Str\" not found at /var/www/config/database.php:101)
[stacktrace]
#0 /var/www/vendor/laravel/framework/src/Illuminate/Foundation/Bootstrap/LoadConfiguration.php(97): require()
#1 /var/www/vendor/laravel/framework/src/Illuminate/Foundation/Bootstrap/LoadConfiguration.php(97): Illuminate\\Foundation\\Bootstrap\\LoadConfiguration->Illuminate\\Foundation\\Bootstrap\\{closure}()
#2 /var/www/vendor/laravel/framework/src/Illuminate/Foundation/Bootstrap/LoadConfiguration.php(78): Illuminate\\Foundation\\Bootstrap\\LoadConfiguration->loadConfigurationFile(Object(Illuminate\\Config\\Repository), 'database', '/var/www/config...', Array)
#3 /var/www/vendor/laravel/framework/src/Illuminate/Foundation/Bootstrap/LoadConfiguration.php(39): Illuminate\\Foundation\\Bootstrap\\LoadConfiguration->loadConfigurationFiles(Object(Illuminate\\Foundation\\Application), Object(Illuminate\\Config\\Repository))
#4 /var/www/vendor/laravel/framework/src/Illuminate/Foundation/Application.php(342): Illuminate\\Foundation\\Bootstrap\\LoadConfiguration->bootstrap(Object(Illuminate\\Foundation\\Application))
#5 /var/www/vendor/laravel/framework/src/Illuminate/Foundation/Console/Kernel.php(474): Illuminate\\Foundation\\Application->bootstrapWith(Array)
#6 /var/www/vendor/laravel/framework/src/Illuminate/Foundation/Console/Kernel.php(196): Illuminate\\Foundation\\Console\\Kernel->bootstrap()
#7 /var/www/vendor/laravel/framework/src/Illuminate/Foundation/Application.php(1235): Illuminate\\Foundation\\Console\\Kernel->handle(Object(Symfony\\Component\\Console\\Input\\ArgvInput), Object(Symfony\\Component\\Console\\Output\\ConsoleOutput))
#8 /var/www/artisan(16): Illuminate\\Foundation\\Application->handleCommand(Object(Symfony\\Component\\Console\\Input\\ArgvInput))
#9 {main}
"} 
[2025-12-19 21:05:45] production.ERROR: Class "Str" not found {"exception":"[object] (Error(code: 0): Class \"Str\" not found at /var/www/config/database.php:101)
[stacktrace]
#0 /var/www/vendor/laravel/framework/src/Illuminate/Foundation/Bootstrap/LoadConfiguration.php(97): require()
#1 /var/www/vendor/laravel/framework/src/Illuminate/Foundation/Bootstrap/LoadConfiguration.php(97): Illuminate\\Foundation\\Bootstrap\\LoadConfiguration->Illuminate\\Foundation\\Bootstrap\\{closure}()
#2 /var/www/vendor/laravel/framework/src/Illuminate/Foundation/Bootstrap/LoadConfiguration.php(78): Illuminate\\Foundation\\Bootstrap\\LoadConfiguration->loadConfigurationFile(Object(Illuminate\\Config\\Repository), 'database', '/var/www/config...', Array)
#3 /var/www/vendor/laravel/framework/src/Illuminate/Foundation/Bootstrap/LoadConfiguration.php(39): Illuminate\\Foundation\\Bootstrap\\LoadConfiguration->loadConfigurationFiles(Object(Illuminate\\Foundation\\Application), Object(Illuminate\\Config\\Repository))
#4 /var/www/vendor/laravel/framework/src/Illuminate/Foundation/Application.php(342): Illuminate\\Foundation\\Bootstrap\\LoadConfiguration->bootstrap(Object(Illuminate\\Foundation\\Application))
#5 /var/www/vendor/laravel/framework/src/Illuminate/Foundation/Console/Kernel.php(474): Illuminate\\Foundation\\Application->bootstrapWith(Array)
#6 /var/www/vendor/laravel/framework/src/Illuminate/Foundation/Console/Kernel.php(196): Illuminate\\Foundation\\Console\\Kernel->bootstrap()
#7 /var/www/vendor/laravel/framework/src/Illuminate/Foundation/Application.php(1235): Illuminate\\Foundation\\Console\\Kernel->handle(Object(Symfony\\Component\\Console\\Input\\ArgvInput), Object(Symfony\\Component\\Console\\Output\\ConsoleOutput))
#8 /var/www/artisan(16): Illuminate\\Foundation\\Application->handleCommand(Object(Symfony\\Component\\Console\\Input\\ArgvInput))
#9 {main}
"} 
[2025-12-20 04:06:51] local.ERROR: The /var/www/bootstrap/cache directory must be present and writable. {"exception":"[object] (Exception(code: 0): The /var/www/bootstrap/cache directory must be present and writable. at /var/www/vendor/laravel/framework/src/Illuminate/Foundation/PackageManifest.php:179)
[stacktrace]
#0 /var/www/vendor/laravel/framework/src/Illuminate/Foundation/PackageManifest.php(132): Illuminate\\Foundation\\PackageManifest->write(Array)
#1 /var/www/vendor/laravel/framework/src/Illuminate/Foundation/PackageManifest.php(108): Illuminate\\Foundation\\PackageManifest->build()
#2 /var/www/vendor/laravel/framework/src/Illuminate/Foundation/PackageManifest.php(91): Illuminate\\Foundation\\PackageManifest->getManifest()
#3 /var/www/vendor/laravel/framework/src/Illuminate/Foundation/PackageManifest.php(80): Illuminate\\Foundation\\PackageManifest->config('aliases')
#4 /var/www/vendor/laravel/framework/src/Illuminate/Foundation/Bootstrap/RegisterFacades.php(26): Illuminate\\Foundation\\PackageManifest->aliases()
#5 /var/www/vendor/laravel/framework/src/Illuminate/Foundation/Application.php(342): Illuminate\\Foundation\\Bootstrap\\RegisterFacades->bootstrap(Object(Illuminate\\Foundation\\Application))
#6 /var/www/vendor/laravel/framework/src/Illuminate/Foundation/Console/Kernel.php(474): Illuminate\\Foundation\\Application->bootstrapWith(Array)
#7 /var/www/vendor/laravel/framework/src/Illuminate/Foundation/Console/Kernel.php(196): Illuminate\\Foundation\\Console\\Kernel->bootstrap()
#8 /var/www/vendor/laravel/framework/src/Illuminate/Foundation/Application.php(1235): Illuminate\\Foundation\\Console\\Kernel->handle(Object(Symfony\\Component\\Console\\Input\\ArgvInput), Object(Symfony\\Component\\Console\\Output\\ConsoleOutput))
#9 /var/www/artisan(16): Illuminate\\Foundation\\Application->handleCommand(Object(Symfony\\Component\\Console\\Input\\ArgvInput))
#10 {main}
"} 
[2025-12-20 04:07:29] local.ERROR: The /var/www/bootstrap/cache directory must be present and writable. {"exception":"[object] (Exception(code: 0): The /var/www/bootstrap/cache directory must be present and writable. at /var/www/vendor/laravel/framework/src/Illuminate/Foundation/PackageManifest.php:179)
[stacktrace]
#0 /var/www/vendor/laravel/framework/src/Illuminate/Foundation/PackageManifest.php(132): Illuminate\\Foundation\\PackageManifest->write(Array)
#1 /var/www/vendor/laravel/framework/src/Illuminate/Foundation/PackageManifest.php(108): Illuminate\\Foundation\\PackageManifest->build()
#2 /var/www/vendor/laravel/framework/src/Illuminate/Foundation/PackageManifest.php(91): Illuminate\\Foundation\\PackageManifest->getManifest()
#3 /var/www/vendor/laravel/framework/src/Illuminate/Foundation/PackageManifest.php(80): Illuminate\\Foundation\\PackageManifest->config('aliases')
#4 /var/www/vendor/laravel/framework/src/Illuminate/Foundation/Bootstrap/RegisterFacades.php(26): Illuminate\\Foundation\\PackageManifest->aliases()
#5 /var/www/vendor/laravel/framework/src/Illuminate/Foundation/Application.php(342): Illuminate\\Foundation\\Bootstrap\\RegisterFacades->bootstrap(Object(Illuminate\\Foundation\\Application))
#6 /var/www/vendor/laravel/framework/src/Illuminate/Foundation/Console/Kernel.php(474): Illuminate\\Foundation\\Application->bootstrapWith(Array)
#7 /var/www/vendor/laravel/framework/src/Illuminate/Foundation/Console/Kernel.php(196): Illuminate\\Foundation\\Console\\Kernel->bootstrap()
#8 /var/www/vendor/laravel/framework/src/Illuminate/Foundation/Application.php(1235): Illuminate\\Foundation\\Console\\Kernel->handle(Object(Symfony\\Component\\Console\\Input\\ArgvInput), Object(Symfony\\Component\\Console\\Output\\ConsoleOutput))
#9 /var/www/artisan(16): Illuminate\\Foundation\\Application->handleCommand(Object(Symfony\\Component\\Console\\Input\\ArgvInput))
#10 {main}
"} 
[2026-01-01 22:58:18] local.ERROR: Error fetching prayer times from API {"error":"cURL error 28: Connection timed out after 10002 milliseconds (see https://curl.haxx.se/libcurl/c/libcurl-errors.html) for https://api.aladhan.com/v1/timings?latitude=-6.5971&longitude=106.806&method=20&timezone=Asia%2FJakarta"} 
[2026-01-01 23:09:06] local.ERROR: Error fetching prayer times from API {"error":"cURL error 28: Connection timed out after 10002 milliseconds (see https://curl.haxx.se/libcurl/c/libcurl-errors.html) for https://api.aladhan.com/v1/timings?latitude=-6.5971&longitude=106.806&method=20&timezone=Asia%2FJakarta"} 
[2026-01-01 23:09:19] local.ERROR: Error fetching prayer times from API {"error":"cURL error 28: Connection timed out after 10002 milliseconds (see https://curl.haxx.se/libcurl/c/libcurl-errors.html) for https://api.aladhan.com/v1/timings?latitude=-6.5971&longitude=106.806&method=20&timezone=Asia%2FJakarta"} 
[2026-01-01 23:10:22] local.ERROR: Error fetching prayer times from API {"error":"cURL error 28: Connection timed out after 10002 milliseconds (see https://curl.haxx.se/libcurl/c/libcurl-errors.html) for https://api.aladhan.com/v1/timings?latitude=-6.5971&longitude=106.806&method=20&timezone=Asia%2FJakarta"} 
[2026-01-01 23:10:33] local.ERROR: Error fetching prayer times from API {"error":"cURL error 28: Connection timed out after 10002 milliseconds (see https://curl.haxx.se/libcurl/c/libcurl-errors.html) for https://api.aladhan.com/v1/timings?latitude=-6.5971&longitude=106.806&method=20&timezone=Asia%2FJakarta"} 
[2026-01-01 23:10:45] local.ERROR: Error fetching prayer times from API {"error":"cURL error 28: Connection timed out after 10002 milliseconds (see https://curl.haxx.se/libcurl/c/libcurl-errors.html) for https://api.aladhan.com/v1/timings?latitude=-6.5971&longitude=106.806&method=20&timezone=Asia%2FJakarta"} 
[2026-01-01 23:10:57] local.ERROR: Error fetching prayer times from API {"error":"cURL error 28: Connection timed out after 10002 milliseconds (see https://curl.haxx.se/libcurl/c/libcurl-errors.html) for https://api.aladhan.com/v1/timings?latitude=-6.5971&longitude=106.806&method=20&timezone=Asia%2FJakarta"} 
[2026-01-01 23:11:28] local.ERROR: Error fetching prayer times from API {"error":"cURL error 28: Connection timed out after 10001 milliseconds (see https://curl.haxx.se/libcurl/c/libcurl-errors.html) for https://api.aladhan.com/v1/timings?latitude=-6.5971&longitude=106.806&method=20&timezone=Asia%2FJakarta"} 
[2026-01-01 23:11:39] local.ERROR: Error fetching prayer times from API {"error":"cURL error 28: Connection timed out after 10003 milliseconds (see https://curl.haxx.se/libcurl/c/libcurl-errors.html) for https://api.aladhan.com/v1/timings?latitude=-6.5971&longitude=106.806&method=20&timezone=Asia%2FJakarta"} 
[2026-01-01 23:11:58] local.ERROR: Error fetching prayer times from API {"error":"cURL error 28: Connection timed out after 10002 milliseconds (see https://curl.haxx.se/libcurl/c/libcurl-errors.html) for https://api.aladhan.com/v1/timings?latitude=-6.5971&longitude=106.806&method=20&timezone=Asia%2FJakarta"} 
[2026-01-01 23:12:09] local.ERROR: Error fetching prayer times from API {"error":"cURL error 28: Connection timed out after 10002 milliseconds (see https://curl.haxx.se/libcurl/c/libcurl-errors.html) for https://api.aladhan.com/v1/timings?latitude=-6.5971&longitude=106.806&method=20&timezone=Asia%2FJakarta"} 
[2026-01-01 23:14:50] local.ERROR: Error fetching prayer times from API {"error":"cURL error 28: Connection timed out after 10001 milliseconds (see https://curl.haxx.se/libcurl/c/libcurl-errors.html) for https://api.aladhan.com/v1/timings?latitude=-6.5971&longitude=106.806&method=20&timezone=Asia%2FJakarta"} 
[2026-01-01 23:15:28] local.ERROR: Error fetching prayer times from API {"error":"cURL error 28: Connection timed out after 10002 milliseconds (see https://curl.haxx.se/libcurl/c/libcurl-errors.html) for https://api.aladhan.com/v1/timings?latitude=-6.5971&longitude=106.806&method=20&timezone=Asia%2FJakarta"} 
[2026-01-01 23:15:39] local.ERROR: Error fetching prayer times from API {"error":"cURL error 28: Connection timed out after 10003 milliseconds (see https://curl.haxx.se/libcurl/c/libcurl-errors.html) for https://api.aladhan.com/v1/timings?latitude=-6.5971&longitude=106.806&method=20&timezone=Asia%2FJakarta"} 
[2026-01-02 03:53:20] local.ERROR: Error fetching prayer times from API {"error":"cURL error 28: Connection timed out after 10002 milliseconds (see https://curl.haxx.se/libcurl/c/libcurl-errors.html) for https://api.aladhan.com/v1/timings?latitude=-6.5971&longitude=106.806&method=20&timezone=Asia%2FJakarta"} 
[2026-01-02 03:53:31] local.ERROR: Error fetching prayer times from API {"error":"cURL error 28: Connection timed out after 10002 milliseconds (see https://curl.haxx.se/libcurl/c/libcurl-errors.html) for https://api.aladhan.com/v1/timings?latitude=-6.5971&longitude=106.806&method=20&timezone=Asia%2FJakarta"} 
[2026-01-02 03:54:07] local.ERROR: Error fetching prayer times from API {"error":"cURL error 28: Connection timed out after 10002 milliseconds (see https://curl.haxx.se/libcurl/c/libcurl-errors.html) for https://api.aladhan.com/v1/timings?latitude=-6.5971&longitude=106.806&method=20&timezone=Asia%2FJakarta"} 
[2026-01-02 03:54:18] local.ERROR: Error fetching prayer times from API {"error":"cURL error 28: Connection timed out after 10001 milliseconds (see https://curl.haxx.se/libcurl/c/libcurl-errors.html) for https://api.aladhan.com/v1/timings?latitude=-6.5971&longitude=106.806&method=20&timezone=Asia%2FJakarta"} 
[2026-01-02 03:54:19] local.ERROR: Error fetching prayer times from API {"error":"cURL error 28: Connection timed out after 10001 milliseconds (see https://curl.haxx.se/libcurl/c/libcurl-errors.html) for https://api.aladhan.com/v1/timings?latitude=-6.5971&longitude=106.806&method=20&timezone=Asia%2FJakarta"} 
[2026-01-02 03:55:01] local.ERROR: Error fetching prayer times from API {"error":"cURL error 28: Connection timed out after 10002 milliseconds (see https://curl.haxx.se/libcurl/c/libcurl-errors.html) for https://api.aladhan.com/v1/timings?latitude=-6.5971&longitude=106.806&method=20&timezone=Asia%2FJakarta"} 
[2026-01-02 03:55:13] local.ERROR: Error fetching prayer times from API {"error":"cURL error 28: Connection timed out after 10002 milliseconds (see https://curl.haxx.se/libcurl/c/libcurl-errors.html) for https://api.aladhan.com/v1/timings?latitude=-6.5971&longitude=106.806&method=20&timezone=Asia%2FJakarta"} 
[2026-01-02 03:55:24] local.ERROR: Error fetching prayer times from API {"error":"cURL error 28: Connection timed out after 10001 milliseconds (see https://curl.haxx.se/libcurl/c/libcurl-errors.html) for https://api.aladhan.com/v1/timings?latitude=-6.5971&longitude=106.806&method=20&timezone=Asia%2FJakarta"} 
[2026-01-02 03:55:34] local.ERROR: Error fetching prayer times from API {"error":"cURL error 28: Connection timed out after 10002 milliseconds (see https://curl.haxx.se/libcurl/c/libcurl-errors.html) for https://api.aladhan.com/v1/timings?latitude=-6.5971&longitude=106.806&method=20&timezone=Asia%2FJakarta"} 
[2026-01-02 04:05:38] local.ERROR: Error fetching prayer times from API {"error":"cURL error 28: Connection timed out after 10000 milliseconds (see https://curl.haxx.se/libcurl/c/libcurl-errors.html) for https://api.aladhan.com/v1/timings?latitude=-6.5971&longitude=106.806&method=20&timezone=Asia%2FJakarta"} 
[2026-01-02 04:05:49] local.ERROR: Error fetching prayer times from API {"error":"cURL error 28: Connection timed out after 10002 milliseconds (see https://curl.haxx.se/libcurl/c/libcurl-errors.html) for https://api.aladhan.com/v1/timings?latitude=-6.5971&longitude=106.806&method=20&timezone=Asia%2FJakarta"} 
[2026-01-02 04:07:36] local.ERROR: Error fetching prayer times from API {"error":"cURL error 28: Connection timed out after 10002 milliseconds (see https://curl.haxx.se/libcurl/c/libcurl-errors.html) for https://api.aladhan.com/v1/timings?latitude=-6.5971&longitude=106.806&method=20&timezone=Asia%2FJakarta"} 
[2026-01-02 04:23:10] local.ERROR: Error fetching prayer times from API {"error":"cURL error 28: Connection timed out after 10001 milliseconds (see https://curl.haxx.se/libcurl/c/libcurl-errors.html) for https://api.aladhan.com/v1/timings?latitude=-6.5944&longitude=106.7892&method=20&timezone=Asia%2FJakarta"} 
[2026-01-02 04:37:15] local.ERROR: Error fetching prayer times from API {"error":"cURL error 28: Connection timed out after 10001 milliseconds (see https://curl.haxx.se/libcurl/c/libcurl-errors.html) for https://api.aladhan.com/v1/timings?latitude=-6.5944&longitude=106.7892&method=20&timezone=Asia%2FJakarta"} 
[2026-01-02 04:37:56] local.ERROR: Error fetching prayer times from API {"error":"cURL error 28: Connection timed out after 10002 milliseconds (see https://curl.haxx.se/libcurl/c/libcurl-errors.html) for https://api.aladhan.com/v1/timings?latitude=-6.5944&longitude=106.7892&method=20&timezone=Asia%2FJakarta"} 
[2026-01-02 04:39:03] local.ERROR: Error fetching prayer times from API {"error":"cURL error 28: Connection timed out after 10002 milliseconds (see https://curl.haxx.se/libcurl/c/libcurl-errors.html) for https://api.aladhan.com/v1/timings?latitude=-6.5944&longitude=106.7892&method=20&timezone=Asia%2FJakarta"} 
[2026-01-02 04:43:09] local.ERROR: Error fetching prayer times from API {"error":"cURL error 28: Connection timed out after 10001 milliseconds (see https://curl.haxx.se/libcurl/c/libcurl-errors.html) for https://api.aladhan.com/v1/timings?latitude=-6.5944&longitude=106.7892&method=20&timezone=Asia%2FJakarta"} 
[2026-01-02 04:49:55] local.ERROR: PHP Parse error: Syntax error, unexpected '=' on line 1 {"exception":"[object] (Psy\\Exception\\ParseErrorException(code: 0): PHP Parse error: Syntax error, unexpected '=' on line 1 at /var/www/vendor/psy/psysh/src/Exception/ParseErrorException.php:44)
[stacktrace]
#0 /var/www/vendor/psy/psysh/src/CodeCleaner.php(488): Psy\\Exception\\ParseErrorException::fromParseError(Object(PhpParser\\Error))
#1 /var/www/vendor/psy/psysh/src/CodeCleaner.php(269): Psy\\CodeCleaner->parse('<?php  = new \\\\A...', false)
#2 /var/www/vendor/psy/psysh/src/Shell.php(985): Psy\\CodeCleaner->clean(Array, false)
#3 /var/www/vendor/psy/psysh/src/Shell.php(1018): Psy\\Shell->addCode(' = new \\\\App\\\\Htt...', true)
#4 /var/www/vendor/psy/psysh/src/Shell.php(1562): Psy\\Shell->setCode(' = new \\\\App\\\\Htt...', true)
#5 /var/www/vendor/laravel/tinker/src/Console/TinkerCommand.php(76): Psy\\Shell->execute(' = new \\\\App\\\\Htt...')
#6 /var/www/vendor/laravel/framework/src/Illuminate/Container/BoundMethod.php(36): Laravel\\Tinker\\Console\\TinkerCommand->handle()
#7 /var/www/vendor/laravel/framework/src/Illuminate/Container/Util.php(43): Illuminate\\Container\\BoundMethod::Illuminate\\Container\\{closure}()
#8 /var/www/vendor/laravel/framework/src/Illuminate/Container/BoundMethod.php(95): Illuminate\\Container\\Util::unwrapIfClosure(Object(Closure))
#9 /var/www/vendor/laravel/framework/src/Illuminate/Container/BoundMethod.php(35): Illuminate\\Container\\BoundMethod::callBoundMethod(Object(Illuminate\\Foundation\\Application), Array, Object(Closure))
#10 /var/www/vendor/laravel/framework/src/Illuminate/Container/Container.php(696): Illuminate\\Container\\BoundMethod::call(Object(Illuminate\\Foundation\\Application), Array, Array, NULL)
#11 /var/www/vendor/laravel/framework/src/Illuminate/Console/Command.php(213): Illuminate\\Container\\Container->call(Array)
#12 /var/www/vendor/symfony/console/Command/Command.php(341): Illuminate\\Console\\Command->execute(Object(Symfony\\Component\\Console\\Input\\ArgvInput), Object(Illuminate\\Console\\OutputStyle))
#13 /var/www/vendor/laravel/framework/src/Illuminate/Console/Command.php(182): Symfony\\Component\\Console\\Command\\Command->run(Object(Symfony\\Component\\Console\\Input\\ArgvInput), Object(Illuminate\\Console\\OutputStyle))
#14 /var/www/vendor/symfony/console/Application.php(1102): Illuminate\\Console\\Command->run(Object(Symfony\\Component\\Console\\Input\\ArgvInput), Object(Symfony\\Component\\Console\\Output\\ConsoleOutput))
#15 /var/www/vendor/symfony/console/Application.php(356): Symfony\\Component\\Console\\Application->doRunCommand(Object(Laravel\\Tinker\\Console\\TinkerCommand), Object(Symfony\\Component\\Console\\Input\\ArgvInput), Object(Symfony\\Component\\Console\\Output\\ConsoleOutput))
#16 /var/www/vendor/symfony/console/Application.php(195): Symfony\\Component\\Console\\Application->doRun(Object(Symfony\\Component\\Console\\Input\\ArgvInput), Object(Symfony\\Component\\Console\\Output\\ConsoleOutput))
#17 /var/www/vendor/laravel/framework/src/Illuminate/Foundation/Console/Kernel.php(198): Symfony\\Component\\Console\\Application->run(Object(Symfony\\Component\\Console\\Input\\ArgvInput), Object(Symfony\\Component\\Console\\Output\\ConsoleOutput))
#18 /var/www/vendor/laravel/framework/src/Illuminate/Foundation/Application.php(1235): Illuminate\\Foundation\\Console\\Kernel->handle(Object(Symfony\\Component\\Console\\Input\\ArgvInput), Object(Symfony\\Component\\Console\\Output\\ConsoleOutput))
#19 /var/www/artisan(16): Illuminate\\Foundation\\Application->handleCommand(Object(Symfony\\Component\\Console\\Input\\ArgvInput))
#20 {main}
"} 
[2026-01-02 04:52:15] local.INFO: Prayer times fetched successfully {"source":"myquran","date":"2026-01-02"} 
[2026-01-02 05:12:16] local.INFO: Prayer times fetched successfully {"source":"myquran","date":"2026-01-02"} 
[2026-01-02 05:19:03] local.INFO: Prayer times fetched successfully {"source":"myquran","date":"2026-01-02"} 
